<?xml version="1.0" encoding="UTF-8"?>
<testsuite xmlns:xsi="http://www.w3.org/2001/XMLSchema-instance" xsi:noNamespaceSchemaLocation="https://maven.apache.org/surefire/maven-surefire-plugin/xsd/surefire-test-report-3.0.xsd" version="3.0" name="TestSuite" time="12.853" tests="2" errors="0" skipped="0" failures="1">
  <properties>
[...]
</properties>
  <testcase name="runScenario[&quot;Add Potato three kgs&quot;, &quot;Add vegetables&quot;](1)" classname="CucumberOptions.TestNgRunner" time="9.151">
    <system-out><![CDATA[
@RegTest
Scenario: Add Potato three kgs                                                 # src/test/java/features/addProducts.feature:3
  Given user types "Potato" into text box "Search for Vegetables and Fruits"   # stepDefinitions.LandingPageStepDefinition.user_types_into_text_box(java.lang.String,java.lang.String)

    Embedding testimage [image/png 438088 bytes]

  When user click on "+"                                                       # stepDefinitions.LandingPageStepDefinition.user_click_on_something(java.lang.String)

    Embedding testimage [image/png 94283 bytes]

  And user click on "ADD TO CART"                                              # stepDefinitions.LandingPageStepDefinition.user_click_on_something(java.lang.String)

    Embedding testimage [image/png 93427 bytes]

  And user clears text in search                                               # stepDefinitions.LandingPageStepDefinition.user_clears_text_in_search()

    Embedding testimage [image/png 96255 bytes]

  And user types "Strawberry" into text box "Search for Vegetables and Fruits" # stepDefinitions.LandingPageStepDefinition.user_types_into_text_box(java.lang.String,java.lang.String)

    Embedding testimage [image/png 118168 bytes]

  When user click on "+"                                                       # stepDefinitions.LandingPageStepDefinition.user_click_on_something(java.lang.String)

    Embedding testimage [image/png 167181 bytes]

  And user click on "ADD TO CART"                                              # stepDefinitions.LandingPageStepDefinition.user_click_on_something(java.lang.String)

    Embedding testimage [image/png 202940 bytes]

  And user clears textbox "Search for Vegetables and Fruits"                   # stepDefinitions.LandingPageStepDefinition.user_clears_textbox(java.lang.String)

    Embedding testimage [image/png 62755 bytes]

  Then user click on "bag" icon                                                # stepDefinitions.LandingPageStepDefinition.user_click_on_icon(java.lang.String)

    Embedding testimage [image/png 87871 bytes]

  And user click on "PROCEED TO CHECKOUT"                                      # stepDefinitions.LandingPageStepDefinition.user_click_on_something(java.lang.String)

    Embedding testimage [image/png 111554 bytes]

  And user types "Apply" into text box "Enter promo code"                      # stepDefinitions.LandingPageStepDefinition.user_types_into_text_box(java.lang.String,java.lang.String)

    Embedding testimage [image/png 60879 bytes]

  And user clears textbox "Enter promo code"                                   # stepDefinitions.LandingPageStepDefinition.user_clears_textbox(java.lang.String)

    Embedding testimage [image/png 54710 bytes]

  And user types "Apply" into text box "Enter promo code"                      # stepDefinitions.LandingPageStepDefinition.user_types_into_text_box(java.lang.String,java.lang.String)

    Embedding testimage [image/png 56309 bytes]

  And user click on "Apply"                                                    # stepDefinitions.LandingPageStepDefinition.user_click_on_something(java.lang.String)

    Embedding testimage [image/png 55142 bytes]

  And user click on "Place Order"                                              # stepDefinitions.LandingPageStepDefinition.user_click_on_something(java.lang.String)

    Embedding testimage [image/png 31881 bytes]

  And user click on "Select"                                                   # stepDefinitions.LandingPageStepDefinition.user_click_on_something(java.lang.String)

    Embedding testimage [image/png 34396 bytes]

  And user click on "India"                                                    # stepDefinitions.LandingPageStepDefinition.user_click_on_something(java.lang.String)

    Embedding testimage [image/png 27941 bytes]

  And user checks "checkbox"                                                   # stepDefinitions.LandingPageStepDefinition.user_checks(java.lang.String)

    Embedding testimage [image/png 27686 bytes]

  And user click on "Proceed"                                                  # stepDefinitions.LandingPageStepDefinition.user_click_on_something(java.lang.String)

    Embedding testimage [image/png 33923 bytes]

]]></system-out>
    <system-err><![CDATA[SLF4J: No SLF4J providers were found.
SLF4J: Defaulting to no-operation (NOP) logger implementation
SLF4J: See https://www.slf4j.org/codes.html#noProviders for further details.
ERROR StatusLogger Log4j2 could not find a logging implementation. Please add log4j-core to the classpath. Using SimpleLogger to log to the console...
Starting ChromeDriver 113.0.5672.63 (0e1a4471d5ae5bf128b1bd8f4d627c8cbd55f70c-refs/branch-heads/5672@{#912}) on port 5091
Only local connections are allowed.
Please see https://chromedriver.chromium.org/security-considerations for suggestions on keeping ChromeDriver safe.
ChromeDriver was started successfully.
May 21, 2023 8:46:04 AM org.openqa.selenium.remote.http.WebSocket$Listener onError
WARNING: Connection reset
java.net.SocketException: Connection reset
	at java.base/sun.nio.ch.SocketChannelImpl.throwConnectionReset(SocketChannelImpl.java:401)
	at java.base/sun.nio.ch.SocketChannelImpl.read(SocketChannelImpl.java:434)
	at io.netty.buffer.PooledByteBuf.setBytes(PooledByteBuf.java:256)
	at io.netty.buffer.AbstractByteBuf.writeBytes(AbstractByteBuf.java:1132)
	at io.netty.channel.socket.nio.NioSocketChannel.doReadBytes(NioSocketChannel.java:357)
	at io.netty.channel.nio.AbstractNioByteChannel$NioByteUnsafe.read(AbstractNioByteChannel.java:151)
	at io.netty.channel.nio.NioEventLoop.processSelectedKey(NioEventLoop.java:788)
	at io.netty.channel.nio.NioEventLoop.processSelectedKeysOptimized(NioEventLoop.java:724)
	at io.netty.channel.nio.NioEventLoop.processSelectedKeys(NioEventLoop.java:650)
	at io.netty.channel.nio.NioEventLoop.run(NioEventLoop.java:562)
	at io.netty.util.concurrent.SingleThreadEventExecutor$4.run(SingleThreadEventExecutor.java:997)
	at io.netty.util.internal.ThreadExecutorMap$2.run(ThreadExecutorMap.java:74)
	at io.netty.util.concurrent.FastThreadLocalRunnable.run(FastThreadLocalRunnable.java:30)
	at java.base/java.lang.Thread.run(Thread.java:1589)

]]></system-err>
  </testcase>
  <testcase name="tearDownClass" classname="CucumberOptions.TestNgRunner" time="11.378">
    <failure message="java.io.IOException: HTTP request failed:&#10;&gt; GET https://messages.cucumber.io/api/reports&#10;&lt; HTTP/1.1 401 Unauthorized&#10;&lt; X-Cache: Error from cloudfront&#10;&lt; x-amz-apigw-id: FQL2vGT1CGYF7Kw=&#10;&lt; Access-Control-Allow-Origin: https://reports.cucumber.io&#10;&lt; Access-Control-Allow-Methods: GET&#10;&lt; X-Amz-Cf-Pop: HYD57-P1&#10;&lt; Connection: keep-alive&#10;&lt; Date: Sun, 21 May 2023 03:16:08 GMT&#10;&lt; Access-Control-Allow-Headers: Content-Type,Authorization,X-Amz-Date,X-Api-Key,X-Amz-Security-Token&#10;&lt; X-Amzn-Trace-Id: Root=1-64698cf7-13aba1e37428adc345f4e0b4;Sampled=0;lineage=d7df4ace:0&#10;&lt; Via: 1.1 a1bb70175b0468d1d2ca32e70f2a45fe.cloudfront.net (CloudFront)&#10;&lt; Cache-Control: private, no-cache, no-store, must-revalidate&#10;&lt; Access-Control-Allow-Credentials: true&#10;&lt; x-amzn-RequestId: 98153b6a-11c7-4f31-8f47-b7a5fba237da&#10;&lt; X-Amz-Cf-Id: McJFgkwuqCvl341DM1IJdiRUtGZfbQ5WqP8f2E28eVMCDU9Y1HFZFQ==&#10;&lt; Content-Length: 627&#10;&lt; Content-Type: text/plain; charset=UTF-8&#10;&amp;#27;[31m&amp;#27;[1m┌──────────────────────────────────────────────────────────────┐&amp;#27;[0m&#10;&amp;#27;[31m&amp;#27;[1m│&amp;#27;[0m Invalid CUCUMBER_PUBLISH_TOKEN: &amp;#27;[1msome-secret-token&amp;#27;[0m            &amp;#27;[31m&amp;#27;[1m│&amp;#27;[0m&#10;&amp;#27;[31m&amp;#27;[1m│&amp;#27;[0m Go to &amp;#27;[1m&amp;#27;[36m&amp;#27;[4mhttps://reports.cucumber.io/profile&amp;#27;[0m to get your token. &amp;#27;[31m&amp;#27;[1m│&amp;#27;[0m&#10;&amp;#27;[31m&amp;#27;[1m└──────────────────────────────────────────────────────────────┘&amp;#27;[0m" type="java.lang.RuntimeException"><![CDATA[java.lang.RuntimeException: 
java.io.IOException: HTTP request failed:
> GET https://messages.cucumber.io/api/reports
< HTTP/1.1 401 Unauthorized
< X-Cache: Error from cloudfront
< x-amz-apigw-id: FQL2vGT1CGYF7Kw=
< Access-Control-Allow-Origin: https://reports.cucumber.io
< Access-Control-Allow-Methods: GET
< X-Amz-Cf-Pop: HYD57-P1
< Connection: keep-alive
< Date: Sun, 21 May 2023 03:16:08 GMT
< Access-Control-Allow-Headers: Content-Type,Authorization,X-Amz-Date,X-Api-Key,X-Amz-Security-Token
< X-Amzn-Trace-Id: Root=1-64698cf7-13aba1e37428adc345f4e0b4;Sampled=0;lineage=d7df4ace:0
< Via: 1.1 a1bb70175b0468d1d2ca32e70f2a45fe.cloudfront.net (CloudFront)
< Cache-Control: private, no-cache, no-store, must-revalidate
< Access-Control-Allow-Credentials: true
< x-amzn-RequestId: 98153b6a-11c7-4f31-8f47-b7a5fba237da
< X-Amz-Cf-Id: McJFgkwuqCvl341DM1IJdiRUtGZfbQ5WqP8f2E28eVMCDU9Y1HFZFQ==
< Content-Length: 627
< Content-Type: text/plain; charset=UTF-8
&amp#27;[31m&amp#27;[1m┌──────────────────────────────────────────────────────────────┐&amp#27;[0m
&amp#27;[31m&amp#27;[1m│&amp#27;[0m Invalid CUCUMBER_PUBLISH_TOKEN: &amp#27;[1msome-secret-token&amp#27;[0m            &amp#27;[31m&amp#27;[1m│&amp#27;[0m
&amp#27;[31m&amp#27;[1m│&amp#27;[0m Go to &amp#27;[1m&amp#27;[36m&amp#27;[4mhttps://reports.cucumber.io/profile&amp#27;[0m to get your token. &amp#27;[31m&amp#27;[1m│&amp#27;[0m
&amp#27;[31m&amp#27;[1m└──────────────────────────────────────────────────────────────┘&amp#27;[0m
Caused by: java.io.IOException: 
HTTP request failed:
> GET https://messages.cucumber.io/api/reports
< HTTP/1.1 401 Unauthorized
< X-Cache: Error from cloudfront
< x-amz-apigw-id: FQL2vGT1CGYF7Kw=
< Access-Control-Allow-Origin: https://reports.cucumber.io
< Access-Control-Allow-Methods: GET
< X-Amz-Cf-Pop: HYD57-P1
< Connection: keep-alive
< Date: Sun, 21 May 2023 03:16:08 GMT
< Access-Control-Allow-Headers: Content-Type,Authorization,X-Amz-Date,X-Api-Key,X-Amz-Security-Token
< X-Amzn-Trace-Id: Root=1-64698cf7-13aba1e37428adc345f4e0b4;Sampled=0;lineage=d7df4ace:0
< Via: 1.1 a1bb70175b0468d1d2ca32e70f2a45fe.cloudfront.net (CloudFront)
< Cache-Control: private, no-cache, no-store, must-revalidate
< Access-Control-Allow-Credentials: true
< x-amzn-RequestId: 98153b6a-11c7-4f31-8f47-b7a5fba237da
< X-Amz-Cf-Id: McJFgkwuqCvl341DM1IJdiRUtGZfbQ5WqP8f2E28eVMCDU9Y1HFZFQ==
< Content-Length: 627
< Content-Type: text/plain; charset=UTF-8
&amp#27;[31m&amp#27;[1m┌──────────────────────────────────────────────────────────────┐&amp#27;[0m
&amp#27;[31m&amp#27;[1m│&amp#27;[0m Invalid CUCUMBER_PUBLISH_TOKEN: &amp#27;[1msome-secret-token&amp#27;[0m            &amp#27;[31m&amp#27;[1m│&amp#27;[0m
&amp#27;[31m&amp#27;[1m│&amp#27;[0m Go to &amp#27;[1m&amp#27;[36m&amp#27;[4mhttps://reports.cucumber.io/profile&amp#27;[0m to get your token. &amp#27;[31m&amp#27;[1m│&amp#27;[0m
&amp#27;[31m&amp#27;[1m└──────────────────────────────────────────────────────────────┘&amp#27;[0m
]]></failure>
  </testcase>
</testsuite>